<?xml version="1.0" encoding="UTF-8"?>
<!-- Generated by org.testng.reporters.JUnitXMLReporter -->
<testsuite hostname="DESKTOP-98PBJP0" ignored="0" name="Test" tests="9" failures="1" timestamp="15 Apr 2021 09:07:01 GMT" time="0.145" errors="0">
  <testcase name="aisehi" time="0.018" classname="jenkins.Testinggg"/>
  <testcase name="init" time="0.004" classname="jenkins.Testinggg"/>
  <testcase name="insert" time="0.007" classname="jenkins.Testinggg"/>
  <testcase name="select" time="0.008" classname="jenkins.Testinggg">
    <skipped/>
  </testcase> <!-- select -->
  <testcase name="select" time="0.003" classname="jenkins.Testinggg">
    <skipped/>
  </testcase> <!-- select -->
  <testcase name="select" time="0.003" classname="jenkins.Testinggg">
    <failure type="java.lang.AssertionError" message="expected [true] but found [false]">
      <![CDATA[java.lang.AssertionError: expected [true] but found [false]
at jenkins.Testinggg.select(Testinggg.java:30)
... Removed 29 stack frames]]>
    </failure>
  </testcase> <!-- select -->
  <testcase name="update" time="0.0" classname="jenkins.Testinggg">
    <skipped/>
  </testcase> <!-- update -->
  <testcase name="delete" time="0.0" classname="jenkins.Testinggg">
    <skipped/>
  </testcase> <!-- delete -->
  <testcase name="cleanup" time="0.0" classname="jenkins.Testinggg">
    <skipped/>
  </testcase> <!-- cleanup -->
</testsuite> <!-- Test -->
