<!DOCTYPE html PUBLIC "-//W3C//DTD XHTML 1.1//EN" "http://www.w3.org/TR/xhtml11/DTD/xhtml11.dtd">
<html xmlns="http://www.w3.org/1999/xhtml">
<head>
<meta http-equiv="content-type" content="text/html; charset=UTF-8"/>
<title>TestNG Report</title>
<style type="text/css">table {margin-bottom:10px;border-collapse:collapse;empty-cells:show}th,td {border:1px solid #009;padding:.25em .5em}th {vertical-align:bottom}td {vertical-align:top}table a {font-weight:bold}.stripe td {background-color: #E6EBF9}.num {text-align:right}.passedodd td {background-color: #3F3}.passedeven td {background-color: #0A0}.skippedodd td {background-color: #DDD}.skippedeven td {background-color: #CCC}.failedodd td,.attn {background-color: #F33}.failedeven td,.stripe .attn {background-color: #D00}.stacktrace {white-space:pre;font-family:monospace}.totop {font-size:85%;text-align:center;border-bottom:2px solid #000}.invisible {display:none}</style>
</head>
<body>
<table>
<tr><th>Test</th><th># Passed</th><th># Skipped</th><th># Failed</th><th>Time (ms)</th><th>Included Groups</th><th>Excluded Groups</th></tr>
<tr><th colspan="7">Suite</th></tr>
<tr><td><a href="#t0">Test</a></td><td class="num">3</td><td class="num attn">5</td><td class="num attn">1</td><td class="num">145</td><td></td><td></td></tr>
</table>
<table id='summary'><thead><tr><th>Class</th><th>Method</th><th>Start</th><th>Time (ms)</th></tr></thead><tbody><tr><th colspan="4">Suite</th></tr></tbody><tbody id="t0"><tr><th colspan="4">Test &#8212; failed</th></tr><tr class="failedeven"><td rowspan="1">jenkins.Testinggg</td><td><a href="#m0">select</a></td><td rowspan="1">1618477621342</td><td rowspan="1">3</td></tr><tr><th colspan="4">Test &#8212; skipped</th></tr><tr class="skippedeven"><td rowspan="5">jenkins.Testinggg</td><td><a href="#m1">cleanup</a></td><td rowspan="1">1618477621358</td><td rowspan="1">0</td></tr><tr class="skippedeven"><td><a href="#m2">delete</a></td><td rowspan="1">1618477621353</td><td rowspan="1">0</td></tr><tr class="skippedeven"><td><a href="#m3">select</a></td><td rowspan="2">1618477621299</td><td rowspan="2">8</td></tr><tr class="skippedeven"><td><a href="#m4">select</a></td></tr><tr class="skippedeven"><td><a href="#m5">update</a></td><td rowspan="1">1618477621349</td><td rowspan="1">0</td></tr><tr><th colspan="4">Test &#8212; passed</th></tr><tr class="passedeven"><td rowspan="3">jenkins.Testinggg</td><td><a href="#m6">aisehi</a></td><td rowspan="1">1618477621252</td><td rowspan="1">18</td></tr><tr class="passedeven"><td><a href="#m7">init</a></td><td rowspan="1">1618477621274</td><td rowspan="1">4</td></tr><tr class="passedeven"><td><a href="#m8">insert</a></td><td rowspan="1">1618477621285</td><td rowspan="1">7</td></tr></tbody>
</table>
<h2>Test</h2><h3 id="m0">jenkins.Testinggg#select</h3><table class="result"><tr><th>Exception</th></tr><tr><td><div class="stacktrace">java.lang.AssertionError: expected [true] but found [false]
	at jenkins.Testinggg.select(Testinggg.java:30)
... Removed 29 stack frames</div></td></tr></table><p class="totop"><a href="#summary">back to summary</a></p>
<h3 id="m1">jenkins.Testinggg#cleanup</h3><table class="result"><tr><th>Exception</th></tr><tr><td><div class="stacktrace">java.lang.Throwable: Method Testinggg.cleanup()[pri:0, instance:jenkins.Testinggg@8bd1b6a] depends on not successfully finished methods in group &quot;tests&quot;
... Removed 18 stack frames</div></td></tr></table><p class="totop"><a href="#summary">back to summary</a></p>
<h3 id="m2">jenkins.Testinggg#delete</h3><table class="result"><tr><th>Exception</th></tr><tr><td><div class="stacktrace">java.lang.Throwable: Method Testinggg.delete()[pri:0, instance:jenkins.Testinggg@8bd1b6a] depends on not successfully finished methods
... Removed 18 stack frames</div></td></tr></table><p class="totop"><a href="#summary">back to summary</a></p>
<h3 id="m3">jenkins.Testinggg#select</h3><table class="result"><tr><th>Exception</th></tr><tr><td><div class="stacktrace">java.lang.AssertionError: expected [true] but found [false]
	at jenkins.Testinggg.select(Testinggg.java:30)
... Removed 29 stack frames</div></td></tr></table><p class="totop"><a href="#summary">back to summary</a></p>
<h3 id="m4">jenkins.Testinggg#select</h3><table class="result"><tr><th>Exception</th></tr><tr><td><div class="stacktrace">java.lang.AssertionError: expected [true] but found [false]
	at jenkins.Testinggg.select(Testinggg.java:30)
... Removed 29 stack frames</div></td></tr></table><p class="totop"><a href="#summary">back to summary</a></p>
<h3 id="m5">jenkins.Testinggg#update</h3><table class="result"><tr><th>Exception</th></tr><tr><td><div class="stacktrace">java.lang.Throwable: Method Testinggg.update()[pri:0, instance:jenkins.Testinggg@8bd1b6a] depends on not successfully finished methods
... Removed 18 stack frames</div></td></tr></table><p class="totop"><a href="#summary">back to summary</a></p>
<h3 id="m6">jenkins.Testinggg#aisehi</h3><table class="result"><tr><th class="invisible"/></tr></table><p class="totop"><a href="#summary">back to summary</a></p>
<h3 id="m7">jenkins.Testinggg#init</h3><table class="result"><tr><th class="invisible"/></tr></table><p class="totop"><a href="#summary">back to summary</a></p>
<h3 id="m8">jenkins.Testinggg#insert</h3><table class="result"><tr><th class="invisible"/></tr></table><p class="totop"><a href="#summary">back to summary</a></p>
</body>
</html>
